nov 10, 2013 9:51:02 PM org.apache.catalina.core.AprLifecycleListener init
INFO: La biblioteca nativa de Apache Tomcat basada en ARP que permite un rendimiento óptimo en entornos de desarrollo no ha sido hallada en java.library.path: /usr/java/packages/lib/i386:/usr/lib/jni:/lib:/usr/lib
nov 10, 2013 9:51:02 PM org.apache.coyote.http11.Http11Protocol init
INFO: Inicializando Coyote HTTP/1.1 en puerto http-8080
nov 10, 2013 9:51:02 PM org.apache.catalina.startup.Catalina load
INFO: Initialization processed in 790 ms
nov 10, 2013 9:51:02 PM org.apache.catalina.core.StandardService start
INFO: Arrancando servicio Catalina
nov 10, 2013 9:51:02 PM org.apache.catalina.core.StandardEngine start
INFO: Starting Servlet Engine: Apache Tomcat/6.0.37
nov 10, 2013 9:51:02 PM org.apache.catalina.startup.HostConfig deployDirectory
INFO: Despliegue del directorio manager de la aplicación web
nov 10, 2013 9:51:03 PM org.apache.catalina.startup.HostConfig deployDirectory
INFO: Despliegue del directorio ROOT de la aplicación web
nov 10, 2013 9:51:03 PM org.apache.catalina.startup.HostConfig deployDirectory
INFO: Despliegue del directorio docs de la aplicación web
nov 10, 2013 9:51:03 PM org.apache.catalina.startup.HostConfig deployDirectory
INFO: Despliegue del directorio examples de la aplicación web
nov 10, 2013 9:51:03 PM org.apache.catalina.startup.HostConfig deployDirectory
INFO: Despliegue del directorio host-manager de la aplicación web
nov 10, 2013 9:51:03 PM org.apache.coyote.http11.Http11Protocol start
INFO: Arrancando Coyote HTTP/1.1 en puerto http-8080
nov 10, 2013 9:51:03 PM org.apache.jk.common.ChannelSocket init
INFO: JK: ajp13 listening on /0.0.0.0:8009
nov 10, 2013 9:51:03 PM org.apache.jk.server.JkMain start
INFO: Jk running ID=0 time=0/19  config=null
nov 10, 2013 9:51:03 PM org.apache.catalina.startup.Catalina start
INFO: Server startup in 923 ms
nov 10, 2013 9:53:33 PM org.apache.catalina.startup.HostConfig deployWAR
INFO: Despliegue del archivo axis2.war de la aplicación web
[INFO] Clustering has been disabled
[INFO] Deploying module: script-1.6.2 - file:/home/jorge/Escritorio/apache-tomcat-6.0.37/webapps/axis2/WEB-INF/modules/scripting-1.6.2.mar
[INFO] Deploying module: jaxws-1.6.2 - file:/home/jorge/Escritorio/apache-tomcat-6.0.37/webapps/axis2/WEB-INF/modules/axis2-jaxws-mar-1.6.2.mar
[INFO] Deploying module: soapmonitor-1.6.2 - file:/home/jorge/Escritorio/apache-tomcat-6.0.37/webapps/axis2/WEB-INF/modules/soapmonitor-1.6.2.mar
[INFO] Deploying module: ping-1.6.2 - file:/home/jorge/Escritorio/apache-tomcat-6.0.37/webapps/axis2/WEB-INF/modules/ping-1.6.2.mar
[INFO] Deploying module: metadataExchange-1.6.2 - file:/home/jorge/Escritorio/apache-tomcat-6.0.37/webapps/axis2/WEB-INF/modules/mex-1.6.2.mar
[INFO] Deploying module: addressing-1.6.2 - file:/home/jorge/Escritorio/apache-tomcat-6.0.37/webapps/axis2/WEB-INF/modules/addressing-1.6.2.mar
[INFO] Deploying module: mtompolicy-1.6.2 - file:/home/jorge/Escritorio/apache-tomcat-6.0.37/webapps/axis2/WEB-INF/modules/mtompolicy-1.6.2.mar
[INFO] Deploying Web service: version-1.6.2.aar - file:/home/jorge/Escritorio/apache-tomcat-6.0.37/webapps/axis2/WEB-INF/services/version-1.6.2.aar
nov 10, 2013 9:53:42 PM org.apache.catalina.core.AprLifecycleListener init
INFO: La biblioteca nativa de Apache Tomcat basada en ARP que permite un rendimiento óptimo en entornos de desarrollo no ha sido hallada en java.library.path: /usr/java/packages/lib/i386:/usr/lib/jni:/lib:/usr/lib
nov 10, 2013 9:53:43 PM org.apache.coyote.http11.Http11Protocol init
SEVERE: Error inicializando punto final (endpoint)
java.net.BindException: La dirección ya se está usando <null>:8080
	at org.apache.tomcat.util.net.JIoEndpoint.init(JIoEndpoint.java:549)
	at org.apache.coyote.http11.Http11Protocol.init(Http11Protocol.java:180)
	at org.apache.catalina.connector.Connector.initialize(Connector.java:1123)
	at org.apache.catalina.core.StandardService.initialize(StandardService.java:703)
	at org.apache.catalina.core.StandardServer.initialize(StandardServer.java:838)
	at org.apache.catalina.startup.Catalina.load(Catalina.java:538)
	at org.apache.catalina.startup.Catalina.load(Catalina.java:562)
	at sun.reflect.NativeMethodAccessorImpl.invoke0(Native Method)
	at sun.reflect.NativeMethodAccessorImpl.invoke(NativeMethodAccessorImpl.java:57)
	at sun.reflect.DelegatingMethodAccessorImpl.invoke(DelegatingMethodAccessorImpl.java:43)
	at java.lang.reflect.Method.invoke(Method.java:606)
	at org.apache.catalina.startup.Bootstrap.load(Bootstrap.java:261)
	at org.apache.catalina.startup.Bootstrap.main(Bootstrap.java:413)
Caused by: java.net.BindException: La dirección ya se está usando
	at java.net.PlainSocketImpl.socketBind(Native Method)
	at java.net.AbstractPlainSocketImpl.bind(AbstractPlainSocketImpl.java:376)
	at java.net.ServerSocket.bind(ServerSocket.java:376)
	at java.net.ServerSocket.<init>(ServerSocket.java:237)
	at java.net.ServerSocket.<init>(ServerSocket.java:181)
	at org.apache.tomcat.util.net.DefaultServerSocketFactory.createSocket(DefaultServerSocketFactory.java:50)
	at org.apache.tomcat.util.net.JIoEndpoint.init(JIoEndpoint.java:538)
	... 12 more

nov 10, 2013 9:53:43 PM org.apache.catalina.core.StandardService initialize
SEVERE: Failed to initialize connector [Connector[HTTP/1.1-8080]]
LifecycleException:  Falló la inicialización del manejador de protocolo: java.net.BindException: La dirección ya se está usando <null>:8080
	at org.apache.catalina.connector.Connector.initialize(Connector.java:1125)
	at org.apache.catalina.core.StandardService.initialize(StandardService.java:703)
	at org.apache.catalina.core.StandardServer.initialize(StandardServer.java:838)
	at org.apache.catalina.startup.Catalina.load(Catalina.java:538)
	at org.apache.catalina.startup.Catalina.load(Catalina.java:562)
	at sun.reflect.NativeMethodAccessorImpl.invoke0(Native Method)
	at sun.reflect.NativeMethodAccessorImpl.invoke(NativeMethodAccessorImpl.java:57)
	at sun.reflect.DelegatingMethodAccessorImpl.invoke(DelegatingMethodAccessorImpl.java:43)
	at java.lang.reflect.Method.invoke(Method.java:606)
	at org.apache.catalina.startup.Bootstrap.load(Bootstrap.java:261)
	at org.apache.catalina.startup.Bootstrap.main(Bootstrap.java:413)

nov 10, 2013 9:53:43 PM org.apache.catalina.startup.Catalina load
INFO: Initialization processed in 634 ms
nov 10, 2013 9:53:43 PM org.apache.catalina.core.StandardService start
INFO: Arrancando servicio Catalina
nov 10, 2013 9:53:43 PM org.apache.catalina.core.StandardEngine start
INFO: Starting Servlet Engine: Apache Tomcat/6.0.37
nov 10, 2013 9:53:43 PM org.apache.catalina.startup.HostConfig deployDescriptor
INFO: Desplieque del descriptor de configuración manager.xml
nov 10, 2013 9:53:43 PM org.apache.catalina.startup.HostConfig deployDescriptor
INFO: Desplieque del descriptor de configuración host-manager.xml
nov 10, 2013 9:53:43 PM org.apache.catalina.startup.HostConfig deployWAR
INFO: Despliegue del archivo axis2.war de la aplicación web
[INFO] Clustering has been disabled
[INFO] Deploying module: script-1.6.2 - file:/home/jorge/Escritorio/apache-tomcat-6.0.37/webapps/axis2/WEB-INF/modules/scripting-1.6.2.mar
[INFO] Deploying module: jaxws-1.6.2 - file:/home/jorge/Escritorio/apache-tomcat-6.0.37/webapps/axis2/WEB-INF/modules/axis2-jaxws-mar-1.6.2.mar
[INFO] Deploying module: soapmonitor-1.6.2 - file:/home/jorge/Escritorio/apache-tomcat-6.0.37/webapps/axis2/WEB-INF/modules/soapmonitor-1.6.2.mar
[INFO] Deploying module: ping-1.6.2 - file:/home/jorge/Escritorio/apache-tomcat-6.0.37/webapps/axis2/WEB-INF/modules/ping-1.6.2.mar
[INFO] Deploying module: metadataExchange-1.6.2 - file:/home/jorge/Escritorio/apache-tomcat-6.0.37/webapps/axis2/WEB-INF/modules/mex-1.6.2.mar
[INFO] Deploying module: addressing-1.6.2 - file:/home/jorge/Escritorio/apache-tomcat-6.0.37/webapps/axis2/WEB-INF/modules/addressing-1.6.2.mar
[INFO] Deploying module: mtompolicy-1.6.2 - file:/home/jorge/Escritorio/apache-tomcat-6.0.37/webapps/axis2/WEB-INF/modules/mtompolicy-1.6.2.mar
[INFO] Deploying Web service: version-1.6.2.aar - file:/home/jorge/Escritorio/apache-tomcat-6.0.37/webapps/axis2/WEB-INF/services/version-1.6.2.aar
nov 10, 2013 9:53:44 PM org.apache.catalina.startup.HostConfig deployDirectory
INFO: Despliegue del directorio ROOT de la aplicación web
nov 10, 2013 9:53:44 PM org.apache.catalina.startup.HostConfig deployDirectory
INFO: Despliegue del directorio docs de la aplicación web
nov 10, 2013 9:53:44 PM org.apache.catalina.startup.HostConfig deployDirectory
INFO: Despliegue del directorio examples de la aplicación web
nov 10, 2013 9:53:44 PM org.apache.coyote.http11.Http11Protocol start
SEVERE: Error arrancando punto final (endpoint)
java.net.BindException: La dirección ya se está usando <null>:8080
	at org.apache.tomcat.util.net.JIoEndpoint.init(JIoEndpoint.java:549)
	at org.apache.tomcat.util.net.JIoEndpoint.start(JIoEndpoint.java:565)
	at org.apache.coyote.http11.Http11Protocol.start(Http11Protocol.java:207)
	at org.apache.catalina.connector.Connector.start(Connector.java:1196)
	at org.apache.catalina.core.StandardService.start(StandardService.java:540)
	at org.apache.catalina.core.StandardServer.start(StandardServer.java:754)
	at org.apache.catalina.startup.Catalina.start(Catalina.java:595)
	at sun.reflect.NativeMethodAccessorImpl.invoke0(Native Method)
	at sun.reflect.NativeMethodAccessorImpl.invoke(NativeMethodAccessorImpl.java:57)
	at sun.reflect.DelegatingMethodAccessorImpl.invoke(DelegatingMethodAccessorImpl.java:43)
	at java.lang.reflect.Method.invoke(Method.java:606)
	at org.apache.catalina.startup.Bootstrap.start(Bootstrap.java:289)
	at org.apache.catalina.startup.Bootstrap.main(Bootstrap.java:414)
Caused by: java.net.BindException: La dirección ya se está usando
	at java.net.PlainSocketImpl.socketBind(Native Method)
	at java.net.AbstractPlainSocketImpl.bind(AbstractPlainSocketImpl.java:376)
	at java.net.ServerSocket.bind(ServerSocket.java:376)
	at java.net.ServerSocket.<init>(ServerSocket.java:237)
	at java.net.ServerSocket.<init>(ServerSocket.java:181)
	at org.apache.tomcat.util.net.DefaultServerSocketFactory.createSocket(DefaultServerSocketFactory.java:50)
	at org.apache.tomcat.util.net.JIoEndpoint.init(JIoEndpoint.java:538)
	... 12 more

nov 10, 2013 9:53:44 PM org.apache.catalina.core.StandardService start
SEVERE: Failed to start connector [Connector[HTTP/1.1-8080]]
LifecycleException:  service.getName(): "Catalina";  Falló el arranque del manejador de protocolo: java.net.BindException: La dirección ya se está usando <null>:8080
	at org.apache.catalina.connector.Connector.start(Connector.java:1203)
	at org.apache.catalina.core.StandardService.start(StandardService.java:540)
	at org.apache.catalina.core.StandardServer.start(StandardServer.java:754)
	at org.apache.catalina.startup.Catalina.start(Catalina.java:595)
	at sun.reflect.NativeMethodAccessorImpl.invoke0(Native Method)
	at sun.reflect.NativeMethodAccessorImpl.invoke(NativeMethodAccessorImpl.java:57)
	at sun.reflect.DelegatingMethodAccessorImpl.invoke(DelegatingMethodAccessorImpl.java:43)
	at java.lang.reflect.Method.invoke(Method.java:606)
	at org.apache.catalina.startup.Bootstrap.start(Bootstrap.java:289)
	at org.apache.catalina.startup.Bootstrap.main(Bootstrap.java:414)

nov 10, 2013 9:53:44 PM org.apache.jk.common.ChannelSocket init
INFO: Port busy 8009 java.net.BindException: La dirección ya se está usando
nov 10, 2013 9:53:44 PM org.apache.jk.common.ChannelSocket init
SEVERE: Can't find free port 8009 8009
nov 10, 2013 9:53:44 PM org.apache.jk.server.JkMain start
INFO: Jk running ID=0 time=0/19  config=null
nov 10, 2013 9:53:45 PM org.apache.catalina.startup.Catalina start
INFO: Server startup in 1976 ms
nov 10, 2013 9:53:45 PM org.apache.catalina.core.StandardServer await
SEVERE: StandardServer.await: create[8005]: 
java.net.BindException: La dirección ya se está usando
	at java.net.PlainSocketImpl.socketBind(Native Method)
	at java.net.AbstractPlainSocketImpl.bind(AbstractPlainSocketImpl.java:376)
	at java.net.ServerSocket.bind(ServerSocket.java:376)
	at java.net.ServerSocket.<init>(ServerSocket.java:237)
	at org.apache.catalina.core.StandardServer.await(StandardServer.java:406)
	at org.apache.catalina.startup.Catalina.await(Catalina.java:676)
	at org.apache.catalina.startup.Catalina.start(Catalina.java:628)
	at sun.reflect.NativeMethodAccessorImpl.invoke0(Native Method)
	at sun.reflect.NativeMethodAccessorImpl.invoke(NativeMethodAccessorImpl.java:57)
	at sun.reflect.DelegatingMethodAccessorImpl.invoke(DelegatingMethodAccessorImpl.java:43)
	at java.lang.reflect.Method.invoke(Method.java:606)
	at org.apache.catalina.startup.Bootstrap.start(Bootstrap.java:289)
	at org.apache.catalina.startup.Bootstrap.main(Bootstrap.java:414)

nov 10, 2013 9:53:45 PM org.apache.coyote.http11.Http11Protocol pause
INFO: Pausando Coyote HTTP/1.1 en puerto http-8080
nov 10, 2013 9:53:46 PM org.apache.catalina.core.StandardService stop
INFO: Parando servicio Catalina
nov 10, 2013 9:53:46 PM org.apache.catalina.loader.WebappClassLoader checkThreadLocalMapForLeaks
SEVERE: The web application [/axis2] created a ThreadLocal with key of type [org.apache.axiom.util.UIDGenerator$1] (value [org.apache.axiom.util.UIDGenerator$1@311578]) and a value of type [long[]] (value [[J@78adb2]) but failed to remove it when the web application was stopped. This is very likely to create a memory leak.
nov 10, 2013 9:53:46 PM org.apache.coyote.http11.Http11Protocol destroy
INFO: Parando Coyote HTTP/1.1 en puerto http-8080
nov 10, 2013 11:37:50 PM org.apache.coyote.http11.Http11Protocol pause
INFO: Pausando Coyote HTTP/1.1 en puerto http-8080
nov 10, 2013 11:37:51 PM org.apache.catalina.core.StandardService stop
INFO: Parando servicio Catalina
nov 10, 2013 11:37:51 PM org.apache.catalina.loader.WebappClassLoader checkThreadLocalMapForLeaks
SEVERE: The web application [/axis2] created a ThreadLocal with key of type [org.apache.axiom.util.UIDGenerator$1] (value [org.apache.axiom.util.UIDGenerator$1@1fedd57]) and a value of type [long[]] (value [[J@1757fe1]) but failed to remove it when the web application was stopped. This is very likely to create a memory leak.
nov 10, 2013 11:37:51 PM org.apache.catalina.loader.WebappClassLoader checkThreadLocalMapForLeaks
SEVERE: The web application [/axis2] created a ThreadLocal with key of type [org.apache.axiom.util.UIDGenerator$1] (value [org.apache.axiom.util.UIDGenerator$1@1fedd57]) and a value of type [long[]] (value [[J@11eab46]) but failed to remove it when the web application was stopped. This is very likely to create a memory leak.
nov 10, 2013 11:37:51 PM org.apache.coyote.http11.Http11Protocol destroy
INFO: Parando Coyote HTTP/1.1 en puerto http-8080
nov 11, 2013 12:36:30 AM org.apache.catalina.core.AprLifecycleListener init
INFO: La biblioteca nativa de Apache Tomcat basada en ARP que permite un rendimiento óptimo en entornos de desarrollo no ha sido hallada en java.library.path: /usr/java/packages/lib/i386:/usr/lib/jni:/lib:/usr/lib
nov 11, 2013 12:36:31 AM org.apache.coyote.http11.Http11Protocol init
INFO: Inicializando Coyote HTTP/1.1 en puerto http-8080
nov 11, 2013 12:36:31 AM org.apache.catalina.startup.Catalina load
INFO: Initialization processed in 1780 ms
nov 11, 2013 12:36:31 AM org.apache.catalina.core.StandardService start
INFO: Arrancando servicio Catalina
nov 11, 2013 12:36:31 AM org.apache.catalina.core.StandardEngine start
INFO: Starting Servlet Engine: Apache Tomcat/6.0.37
nov 11, 2013 12:36:31 AM org.apache.catalina.startup.HostConfig deployDescriptor
INFO: Desplieque del descriptor de configuración manager.xml
nov 11, 2013 12:36:32 AM org.apache.catalina.startup.HostConfig deployDescriptor
INFO: Desplieque del descriptor de configuración host-manager.xml
nov 11, 2013 12:36:32 AM org.apache.catalina.startup.HostConfig deployWAR
INFO: Despliegue del archivo axis2.war de la aplicación web
[INFO] Clustering has been disabled
[INFO] Deploying module: script-1.6.2 - file:/home/jorge/Escritorio/apache-tomcat-6.0.37/webapps/axis2/WEB-INF/modules/scripting-1.6.2.mar
[INFO] Deploying module: jaxws-1.6.2 - file:/home/jorge/Escritorio/apache-tomcat-6.0.37/webapps/axis2/WEB-INF/modules/axis2-jaxws-mar-1.6.2.mar
[INFO] Deploying module: soapmonitor-1.6.2 - file:/home/jorge/Escritorio/apache-tomcat-6.0.37/webapps/axis2/WEB-INF/modules/soapmonitor-1.6.2.mar
[INFO] Deploying module: ping-1.6.2 - file:/home/jorge/Escritorio/apache-tomcat-6.0.37/webapps/axis2/WEB-INF/modules/ping-1.6.2.mar
[INFO] Deploying module: metadataExchange-1.6.2 - file:/home/jorge/Escritorio/apache-tomcat-6.0.37/webapps/axis2/WEB-INF/modules/mex-1.6.2.mar
[INFO] Deploying module: addressing-1.6.2 - file:/home/jorge/Escritorio/apache-tomcat-6.0.37/webapps/axis2/WEB-INF/modules/addressing-1.6.2.mar
[INFO] Deploying module: mtompolicy-1.6.2 - file:/home/jorge/Escritorio/apache-tomcat-6.0.37/webapps/axis2/WEB-INF/modules/mtompolicy-1.6.2.mar
[INFO] Deploying Web service: version-1.6.2.aar - file:/home/jorge/Escritorio/apache-tomcat-6.0.37/webapps/axis2/WEB-INF/services/version-1.6.2.aar
nov 11, 2013 12:36:35 AM org.apache.catalina.startup.HostConfig deployDirectory
INFO: Despliegue del directorio ROOT de la aplicación web
nov 11, 2013 12:36:35 AM org.apache.catalina.startup.HostConfig deployDirectory
INFO: Despliegue del directorio docs de la aplicación web
nov 11, 2013 12:36:35 AM org.apache.catalina.startup.HostConfig deployDirectory
INFO: Despliegue del directorio examples de la aplicación web
nov 11, 2013 12:36:36 AM org.apache.coyote.http11.Http11Protocol start
INFO: Arrancando Coyote HTTP/1.1 en puerto http-8080
nov 11, 2013 12:36:36 AM org.apache.jk.common.ChannelSocket init
INFO: JK: ajp13 listening on /0.0.0.0:8009
nov 11, 2013 12:36:36 AM org.apache.jk.server.JkMain start
INFO: Jk running ID=0 time=0/159  config=null
nov 11, 2013 12:36:36 AM org.apache.catalina.startup.Catalina start
INFO: Server startup in 5235 ms
nov 11, 2013 12:36:55 AM org.apache.coyote.http11.Http11Protocol pause
INFO: Pausando Coyote HTTP/1.1 en puerto http-8080
nov 11, 2013 12:36:56 AM org.apache.catalina.core.StandardService stop
INFO: Parando servicio Catalina
nov 11, 2013 12:36:56 AM org.apache.catalina.loader.WebappClassLoader checkThreadLocalMapForLeaks
SEVERE: The web application [/axis2] created a ThreadLocal with key of type [org.apache.axiom.util.UIDGenerator$1] (value [org.apache.axiom.util.UIDGenerator$1@1be4a2c]) and a value of type [long[]] (value [[J@1f7909f]) but failed to remove it when the web application was stopped. This is very likely to create a memory leak.
nov 11, 2013 12:36:56 AM org.apache.coyote.http11.Http11Protocol destroy
INFO: Parando Coyote HTTP/1.1 en puerto http-8080
nov 11, 2013 12:37:08 AM org.apache.catalina.core.AprLifecycleListener init
INFO: La biblioteca nativa de Apache Tomcat basada en ARP que permite un rendimiento óptimo en entornos de desarrollo no ha sido hallada en java.library.path: /usr/java/packages/lib/i386:/usr/lib/jni:/lib:/usr/lib
nov 11, 2013 12:37:08 AM org.apache.coyote.http11.Http11Protocol init
INFO: Inicializando Coyote HTTP/1.1 en puerto http-8080
nov 11, 2013 12:37:08 AM org.apache.catalina.startup.Catalina load
INFO: Initialization processed in 552 ms
nov 11, 2013 12:37:08 AM org.apache.catalina.core.StandardService start
INFO: Arrancando servicio Catalina
nov 11, 2013 12:37:08 AM org.apache.catalina.core.StandardEngine start
INFO: Starting Servlet Engine: Apache Tomcat/6.0.37
nov 11, 2013 12:37:08 AM org.apache.catalina.startup.HostConfig deployDescriptor
INFO: Desplieque del descriptor de configuración manager.xml
nov 11, 2013 12:37:08 AM org.apache.catalina.startup.HostConfig deployDescriptor
INFO: Desplieque del descriptor de configuración host-manager.xml
nov 11, 2013 12:37:08 AM org.apache.catalina.startup.HostConfig deployWAR
INFO: Despliegue del archivo axis2.war de la aplicación web
[INFO] Clustering has been disabled
[INFO] Deploying module: script-1.6.2 - file:/home/jorge/Escritorio/apache-tomcat-6.0.37/webapps/axis2/WEB-INF/modules/scripting-1.6.2.mar
[INFO] Deploying module: jaxws-1.6.2 - file:/home/jorge/Escritorio/apache-tomcat-6.0.37/webapps/axis2/WEB-INF/modules/axis2-jaxws-mar-1.6.2.mar
[INFO] Deploying module: soapmonitor-1.6.2 - file:/home/jorge/Escritorio/apache-tomcat-6.0.37/webapps/axis2/WEB-INF/modules/soapmonitor-1.6.2.mar
[INFO] Deploying module: ping-1.6.2 - file:/home/jorge/Escritorio/apache-tomcat-6.0.37/webapps/axis2/WEB-INF/modules/ping-1.6.2.mar
[INFO] Deploying module: metadataExchange-1.6.2 - file:/home/jorge/Escritorio/apache-tomcat-6.0.37/webapps/axis2/WEB-INF/modules/mex-1.6.2.mar
[INFO] Deploying module: addressing-1.6.2 - file:/home/jorge/Escritorio/apache-tomcat-6.0.37/webapps/axis2/WEB-INF/modules/addressing-1.6.2.mar
[INFO] Deploying module: mtompolicy-1.6.2 - file:/home/jorge/Escritorio/apache-tomcat-6.0.37/webapps/axis2/WEB-INF/modules/mtompolicy-1.6.2.mar
[INFO] Deploying Web service: version-1.6.2.aar - file:/home/jorge/Escritorio/apache-tomcat-6.0.37/webapps/axis2/WEB-INF/services/version-1.6.2.aar
nov 11, 2013 12:37:09 AM org.apache.catalina.startup.HostConfig deployDirectory
INFO: Despliegue del directorio ROOT de la aplicación web
nov 11, 2013 12:37:10 AM org.apache.catalina.startup.HostConfig deployDirectory
INFO: Despliegue del directorio docs de la aplicación web
nov 11, 2013 12:37:10 AM org.apache.catalina.startup.HostConfig deployDirectory
INFO: Despliegue del directorio examples de la aplicación web
nov 11, 2013 12:37:10 AM org.apache.coyote.http11.Http11Protocol start
INFO: Arrancando Coyote HTTP/1.1 en puerto http-8080
nov 11, 2013 12:37:10 AM org.apache.jk.common.ChannelSocket init
INFO: JK: ajp13 listening on /0.0.0.0:8009
nov 11, 2013 12:37:10 AM org.apache.jk.server.JkMain start
INFO: Jk running ID=0 time=0/17  config=null
nov 11, 2013 12:37:10 AM org.apache.catalina.startup.Catalina start
INFO: Server startup in 1952 ms
nov 11, 2013 5:21:42 AM org.apache.coyote.http11.Http11Protocol pause
INFO: Pausando Coyote HTTP/1.1 en puerto http-8080
nov 11, 2013 5:21:44 AM org.apache.catalina.core.StandardService stop
INFO: Parando servicio Catalina
nov 11, 2013 5:21:44 AM org.apache.catalina.loader.WebappClassLoader checkThreadLocalMapForLeaks
SEVERE: The web application [/axis2] created a ThreadLocal with key of type [org.apache.axiom.util.UIDGenerator$1] (value [org.apache.axiom.util.UIDGenerator$1@e95ba5]) and a value of type [long[]] (value [[J@7fc091]) but failed to remove it when the web application was stopped. This is very likely to create a memory leak.
nov 11, 2013 5:21:44 AM org.apache.catalina.loader.WebappClassLoader checkThreadLocalMapForLeaks
SEVERE: The web application [/axis2] created a ThreadLocal with key of type [org.apache.axiom.util.UIDGenerator$1] (value [org.apache.axiom.util.UIDGenerator$1@e95ba5]) and a value of type [long[]] (value [[J@13b9aee]) but failed to remove it when the web application was stopped. This is very likely to create a memory leak.
nov 11, 2013 5:21:44 AM org.apache.catalina.loader.WebappClassLoader checkThreadLocalMapForLeaks
SEVERE: The web application [/axis2] created a ThreadLocal with key of type [org.apache.axiom.util.UIDGenerator$1] (value [org.apache.axiom.util.UIDGenerator$1@e95ba5]) and a value of type [long[]] (value [[J@388712]) but failed to remove it when the web application was stopped. This is very likely to create a memory leak.
nov 11, 2013 5:21:45 AM org.apache.coyote.http11.Http11Protocol destroy
INFO: Parando Coyote HTTP/1.1 en puerto http-8080
nov 11, 2013 3:26:36 PM org.apache.catalina.core.AprLifecycleListener init
INFO: La biblioteca nativa de Apache Tomcat basada en ARP que permite un rendimiento óptimo en entornos de desarrollo no ha sido hallada en java.library.path: /usr/java/packages/lib/i386:/usr/lib/jni:/lib:/usr/lib
nov 11, 2013 3:26:37 PM org.apache.coyote.http11.Http11Protocol init
INFO: Inicializando Coyote HTTP/1.1 en puerto http-8080
nov 11, 2013 3:26:37 PM org.apache.catalina.startup.Catalina load
INFO: Initialization processed in 1223 ms
nov 11, 2013 3:26:37 PM org.apache.catalina.core.StandardService start
INFO: Arrancando servicio Catalina
nov 11, 2013 3:26:37 PM org.apache.catalina.core.StandardEngine start
INFO: Starting Servlet Engine: Apache Tomcat/6.0.37
nov 11, 2013 3:26:37 PM org.apache.catalina.startup.HostConfig deployDescriptor
INFO: Desplieque del descriptor de configuración manager.xml
nov 11, 2013 3:26:38 PM org.apache.catalina.startup.HostConfig deployDescriptor
INFO: Desplieque del descriptor de configuración host-manager.xml
nov 11, 2013 3:26:38 PM org.apache.catalina.startup.HostConfig deployWAR
INFO: Despliegue del archivo axis2.war de la aplicación web
[INFO] Clustering has been disabled
[INFO] Deploying module: script-1.6.2 - file:/home/jorge/Escritorio/apache-tomcat-6.0.37/webapps/axis2/WEB-INF/modules/scripting-1.6.2.mar
[INFO] Deploying module: jaxws-1.6.2 - file:/home/jorge/Escritorio/apache-tomcat-6.0.37/webapps/axis2/WEB-INF/modules/axis2-jaxws-mar-1.6.2.mar
[INFO] Deploying module: soapmonitor-1.6.2 - file:/home/jorge/Escritorio/apache-tomcat-6.0.37/webapps/axis2/WEB-INF/modules/soapmonitor-1.6.2.mar
[INFO] Deploying module: ping-1.6.2 - file:/home/jorge/Escritorio/apache-tomcat-6.0.37/webapps/axis2/WEB-INF/modules/ping-1.6.2.mar
[INFO] Deploying module: metadataExchange-1.6.2 - file:/home/jorge/Escritorio/apache-tomcat-6.0.37/webapps/axis2/WEB-INF/modules/mex-1.6.2.mar
[INFO] Deploying module: addressing-1.6.2 - file:/home/jorge/Escritorio/apache-tomcat-6.0.37/webapps/axis2/WEB-INF/modules/addressing-1.6.2.mar
[INFO] Deploying module: mtompolicy-1.6.2 - file:/home/jorge/Escritorio/apache-tomcat-6.0.37/webapps/axis2/WEB-INF/modules/mtompolicy-1.6.2.mar
[INFO] Deploying Web service: version-1.6.2.aar - file:/home/jorge/Escritorio/apache-tomcat-6.0.37/webapps/axis2/WEB-INF/services/version-1.6.2.aar
[INFO] Deploying Web service: HelloWorldService.aar - file:/home/jorge/Escritorio/apache-tomcat-6.0.37/webapps/axis2/WEB-INF/services/HelloWorldService.aar
nov 11, 2013 3:26:41 PM org.apache.catalina.startup.HostConfig deployDirectory
INFO: Despliegue del directorio ROOT de la aplicación web
nov 11, 2013 3:26:41 PM org.apache.catalina.startup.HostConfig deployDirectory
INFO: Despliegue del directorio docs de la aplicación web
nov 11, 2013 3:26:41 PM org.apache.catalina.startup.HostConfig deployDirectory
INFO: Despliegue del directorio examples de la aplicación web
nov 11, 2013 3:26:41 PM org.apache.coyote.http11.Http11Protocol start
INFO: Arrancando Coyote HTTP/1.1 en puerto http-8080
nov 11, 2013 3:26:41 PM org.apache.jk.common.ChannelSocket init
INFO: JK: ajp13 listening on /0.0.0.0:8009
nov 11, 2013 3:26:41 PM org.apache.jk.server.JkMain start
INFO: Jk running ID=0 time=0/42  config=null
nov 11, 2013 3:26:41 PM org.apache.catalina.startup.Catalina start
INFO: Server startup in 4190 ms
nov 11, 2013 3:57:37 PM org.apache.coyote.http11.Http11Protocol pause
INFO: Pausando Coyote HTTP/1.1 en puerto http-8080
nov 11, 2013 3:57:38 PM org.apache.catalina.core.StandardService stop
INFO: Parando servicio Catalina
nov 11, 2013 3:57:38 PM org.apache.catalina.loader.WebappClassLoader checkThreadLocalMapForLeaks
SEVERE: The web application [/axis2] created a ThreadLocal with key of type [org.apache.axiom.util.UIDGenerator$1] (value [org.apache.axiom.util.UIDGenerator$1@11aa5d7]) and a value of type [long[]] (value [[J@7de17d]) but failed to remove it when the web application was stopped. This is very likely to create a memory leak.
nov 11, 2013 3:57:38 PM org.apache.coyote.http11.Http11Protocol destroy
INFO: Parando Coyote HTTP/1.1 en puerto http-8080
nov 12, 2013 1:58:48 AM org.apache.catalina.core.AprLifecycleListener init
INFO: La biblioteca nativa de Apache Tomcat basada en ARP que permite un rendimiento óptimo en entornos de desarrollo no ha sido hallada en java.library.path: /usr/java/packages/lib/i386:/usr/lib/jni:/lib:/usr/lib
nov 12, 2013 1:58:48 AM org.apache.coyote.http11.Http11Protocol init
INFO: Inicializando Coyote HTTP/1.1 en puerto http-8080
nov 12, 2013 1:58:48 AM org.apache.catalina.startup.Catalina load
INFO: Initialization processed in 1271 ms
nov 12, 2013 1:58:48 AM org.apache.catalina.core.StandardService start
INFO: Arrancando servicio Catalina
nov 12, 2013 1:58:48 AM org.apache.catalina.core.StandardEngine start
INFO: Starting Servlet Engine: Apache Tomcat/6.0.37
nov 12, 2013 1:58:48 AM org.apache.catalina.startup.HostConfig deployDescriptor
INFO: Desplieque del descriptor de configuración manager.xml
nov 12, 2013 1:58:49 AM org.apache.catalina.startup.HostConfig deployDescriptor
INFO: Desplieque del descriptor de configuración host-manager.xml
nov 12, 2013 1:58:49 AM org.apache.catalina.startup.HostConfig deployWAR
INFO: Despliegue del archivo axis2.war de la aplicación web
[INFO] Clustering has been disabled
[INFO] Deploying module: script-1.6.2 - file:/home/jorge/Escritorio/taller2/apache-tomcat-6.0.37/webapps/axis2/WEB-INF/modules/scripting-1.6.2.mar
[INFO] Deploying module: jaxws-1.6.2 - file:/home/jorge/Escritorio/taller2/apache-tomcat-6.0.37/webapps/axis2/WEB-INF/modules/axis2-jaxws-mar-1.6.2.mar
[INFO] Deploying module: soapmonitor-1.6.2 - file:/home/jorge/Escritorio/taller2/apache-tomcat-6.0.37/webapps/axis2/WEB-INF/modules/soapmonitor-1.6.2.mar
[INFO] Deploying module: ping-1.6.2 - file:/home/jorge/Escritorio/taller2/apache-tomcat-6.0.37/webapps/axis2/WEB-INF/modules/ping-1.6.2.mar
[INFO] Deploying module: metadataExchange-1.6.2 - file:/home/jorge/Escritorio/taller2/apache-tomcat-6.0.37/webapps/axis2/WEB-INF/modules/mex-1.6.2.mar
[INFO] Deploying module: addressing-1.6.2 - file:/home/jorge/Escritorio/taller2/apache-tomcat-6.0.37/webapps/axis2/WEB-INF/modules/addressing-1.6.2.mar
[INFO] Deploying module: mtompolicy-1.6.2 - file:/home/jorge/Escritorio/taller2/apache-tomcat-6.0.37/webapps/axis2/WEB-INF/modules/mtompolicy-1.6.2.mar
[INFO] Deploying Web service: version-1.6.2.aar - file:/home/jorge/Escritorio/taller2/apache-tomcat-6.0.37/webapps/axis2/WEB-INF/services/version-1.6.2.aar
[INFO] Deploying Web service: HelloWorldService.aar - file:/home/jorge/Escritorio/taller2/apache-tomcat-6.0.37/webapps/axis2/WEB-INF/services/HelloWorldService.aar
nov 12, 2013 1:58:52 AM org.apache.catalina.startup.HostConfig deployDirectory
INFO: Despliegue del directorio ROOT de la aplicación web
nov 12, 2013 1:58:52 AM org.apache.catalina.startup.HostConfig deployDirectory
INFO: Despliegue del directorio docs de la aplicación web
nov 12, 2013 1:58:52 AM org.apache.catalina.startup.HostConfig deployDirectory
INFO: Despliegue del directorio examples de la aplicación web
nov 12, 2013 1:58:52 AM org.apache.coyote.http11.Http11Protocol start
INFO: Arrancando Coyote HTTP/1.1 en puerto http-8080
nov 12, 2013 1:58:53 AM org.apache.jk.common.ChannelSocket init
INFO: JK: ajp13 listening on /0.0.0.0:8009
nov 12, 2013 1:58:53 AM org.apache.jk.server.JkMain start
INFO: Jk running ID=0 time=0/73  config=null
nov 12, 2013 1:58:53 AM org.apache.catalina.startup.Catalina start
INFO: Server startup in 4401 ms
nov 12, 2013 2:19:15 AM org.apache.coyote.http11.Http11Protocol pause
INFO: Pausando Coyote HTTP/1.1 en puerto http-8080
nov 12, 2013 2:19:16 AM org.apache.catalina.core.StandardService stop
INFO: Parando servicio Catalina
nov 12, 2013 2:19:16 AM org.apache.catalina.loader.WebappClassLoader checkThreadLocalMapForLeaks
SEVERE: The web application [/axis2] created a ThreadLocal with key of type [org.apache.axiom.util.UIDGenerator$1] (value [org.apache.axiom.util.UIDGenerator$1@297cc0]) and a value of type [long[]] (value [[J@1bd2155]) but failed to remove it when the web application was stopped. This is very likely to create a memory leak.
nov 12, 2013 2:19:17 AM org.apache.coyote.http11.Http11Protocol destroy
INFO: Parando Coyote HTTP/1.1 en puerto http-8080
nov 14, 2013 2:17:23 AM org.apache.catalina.core.AprLifecycleListener init
INFO: La biblioteca nativa de Apache Tomcat basada en ARP que permite un rendimiento óptimo en entornos de desarrollo no ha sido hallada en java.library.path: /usr/java/packages/lib/i386:/usr/lib/jni:/lib:/usr/lib
nov 14, 2013 2:17:24 AM org.apache.coyote.http11.Http11Protocol init
INFO: Inicializando Coyote HTTP/1.1 en puerto http-8080
nov 14, 2013 2:17:24 AM org.apache.catalina.startup.Catalina load
INFO: Initialization processed in 2670 ms
nov 14, 2013 2:17:25 AM org.apache.catalina.core.StandardService start
INFO: Arrancando servicio Catalina
nov 14, 2013 2:17:25 AM org.apache.catalina.core.StandardEngine start
INFO: Starting Servlet Engine: Apache Tomcat/6.0.37
nov 14, 2013 2:17:25 AM org.apache.catalina.startup.HostConfig deployDescriptor
INFO: Desplieque del descriptor de configuración manager.xml
nov 14, 2013 2:17:25 AM org.apache.catalina.startup.HostConfig deployDescriptor
INFO: Desplieque del descriptor de configuración host-manager.xml
nov 14, 2013 2:17:25 AM org.apache.catalina.startup.HostConfig deployWAR
INFO: Despliegue del archivo axis2.war de la aplicación web
[INFO] Clustering has been disabled
[INFO] Deploying module: script-1.6.2 - file:/home/jorge/Escritorio/taller2/apache-tomcat-6.0.37/webapps/axis2/WEB-INF/modules/scripting-1.6.2.mar
[INFO] Deploying module: jaxws-1.6.2 - file:/home/jorge/Escritorio/taller2/apache-tomcat-6.0.37/webapps/axis2/WEB-INF/modules/axis2-jaxws-mar-1.6.2.mar
[INFO] Deploying module: soapmonitor-1.6.2 - file:/home/jorge/Escritorio/taller2/apache-tomcat-6.0.37/webapps/axis2/WEB-INF/modules/soapmonitor-1.6.2.mar
[INFO] Deploying module: ping-1.6.2 - file:/home/jorge/Escritorio/taller2/apache-tomcat-6.0.37/webapps/axis2/WEB-INF/modules/ping-1.6.2.mar
[INFO] Deploying module: metadataExchange-1.6.2 - file:/home/jorge/Escritorio/taller2/apache-tomcat-6.0.37/webapps/axis2/WEB-INF/modules/mex-1.6.2.mar
[INFO] Deploying module: addressing-1.6.2 - file:/home/jorge/Escritorio/taller2/apache-tomcat-6.0.37/webapps/axis2/WEB-INF/modules/addressing-1.6.2.mar
[INFO] Deploying module: mtompolicy-1.6.2 - file:/home/jorge/Escritorio/taller2/apache-tomcat-6.0.37/webapps/axis2/WEB-INF/modules/mtompolicy-1.6.2.mar
[INFO] Deploying Web service: version-1.6.2.aar - file:/home/jorge/Escritorio/taller2/apache-tomcat-6.0.37/webapps/axis2/WEB-INF/services/version-1.6.2.aar
[INFO] Deploying Web service: HelloWorldService.aar - file:/home/jorge/Escritorio/taller2/apache-tomcat-6.0.37/webapps/axis2/WEB-INF/services/HelloWorldService.aar
nov 14, 2013 2:17:29 AM org.apache.catalina.startup.HostConfig deployDirectory
INFO: Despliegue del directorio ROOT de la aplicación web
nov 14, 2013 2:17:29 AM org.apache.catalina.startup.HostConfig deployDirectory
INFO: Despliegue del directorio docs de la aplicación web
nov 14, 2013 2:17:29 AM org.apache.catalina.startup.HostConfig deployDirectory
INFO: Despliegue del directorio examples de la aplicación web
nov 14, 2013 2:17:29 AM org.apache.coyote.http11.Http11Protocol start
INFO: Arrancando Coyote HTTP/1.1 en puerto http-8080
nov 14, 2013 2:17:29 AM org.apache.jk.common.ChannelSocket init
INFO: JK: ajp13 listening on /0.0.0.0:8009
nov 14, 2013 2:17:29 AM org.apache.jk.server.JkMain start
INFO: Jk running ID=0 time=0/36  config=null
nov 14, 2013 2:17:29 AM org.apache.catalina.startup.Catalina start
INFO: Server startup in 4947 ms
[ERROR] The service cannot be found for the endpoint reference (EPR) /axis2/services/listServices/HelloWorldService
org.apache.axis2.AxisFault: The service cannot be found for the endpoint reference (EPR) /axis2/services/listServices/HelloWorldService
	at org.apache.axis2.engine.DispatchPhase.checkPostConditions(DispatchPhase.java:78)
	at org.apache.axis2.engine.Phase.invoke(Phase.java:329)
	at org.apache.axis2.engine.AxisEngine.invoke(AxisEngine.java:262)
	at org.apache.axis2.engine.AxisEngine.receive(AxisEngine.java:168)
	at org.apache.axis2.transport.http.util.RESTUtil.invokeAxisEngine(RESTUtil.java:144)
	at org.apache.axis2.transport.http.util.RESTUtil.processURLRequest(RESTUtil.java:139)
	at org.apache.axis2.transport.http.AxisServlet$RestRequestProcessor.processURLRequest(AxisServlet.java:837)
	at org.apache.axis2.transport.http.AxisServlet.doGet(AxisServlet.java:273)
	at javax.servlet.http.HttpServlet.service(HttpServlet.java:617)
	at javax.servlet.http.HttpServlet.service(HttpServlet.java:723)
	at org.apache.catalina.core.ApplicationFilterChain.internalDoFilter(ApplicationFilterChain.java:290)
	at org.apache.catalina.core.ApplicationFilterChain.doFilter(ApplicationFilterChain.java:206)
	at org.apache.catalina.core.StandardWrapperValve.invoke(StandardWrapperValve.java:233)
	at org.apache.catalina.core.StandardContextValve.invoke(StandardContextValve.java:191)
	at org.apache.catalina.core.StandardHostValve.invoke(StandardHostValve.java:127)
	at org.apache.catalina.valves.ErrorReportValve.invoke(ErrorReportValve.java:103)
	at org.apache.catalina.core.StandardEngineValve.invoke(StandardEngineValve.java:109)
	at org.apache.catalina.connector.CoyoteAdapter.service(CoyoteAdapter.java:293)
	at org.apache.coyote.http11.Http11Processor.process(Http11Processor.java:861)
	at org.apache.coyote.http11.Http11Protocol$Http11ConnectionHandler.process(Http11Protocol.java:606)
	at org.apache.tomcat.util.net.JIoEndpoint$Worker.run(JIoEndpoint.java:489)
	at java.lang.Thread.run(Thread.java:724)
[WARN] Deprecated usage of OMElement#declareNamespace(String,String) with empty prefix
[INFO] Deploying Web service: StockQuoteService.aar - file:/home/jorge/Escritorio/taller2/apache-tomcat-6.0.37/webapps/axis2/WEB-INF/services/StockQuoteService.aar
nov 14, 2013 5:30:25 AM org.apache.coyote.http11.Http11Protocol pause
INFO: Pausando Coyote HTTP/1.1 en puerto http-8080
nov 14, 2013 5:30:26 AM org.apache.catalina.core.StandardService stop
INFO: Parando servicio Catalina
nov 14, 2013 5:30:26 AM org.apache.catalina.loader.WebappClassLoader checkThreadLocalMapForLeaks
SEVERE: The web application [/axis2] created a ThreadLocal with key of type [org.apache.axiom.util.UIDGenerator$1] (value [org.apache.axiom.util.UIDGenerator$1@110e2d]) and a value of type [long[]] (value [[J@1b9dfae]) but failed to remove it when the web application was stopped. This is very likely to create a memory leak.
nov 14, 2013 5:30:26 AM org.apache.catalina.loader.WebappClassLoader checkThreadLocalMapForLeaks
SEVERE: The web application [/axis2] created a ThreadLocal with key of type [org.apache.axiom.util.UIDGenerator$1] (value [org.apache.axiom.util.UIDGenerator$1@110e2d]) and a value of type [long[]] (value [[J@c26ba]) but failed to remove it when the web application was stopped. This is very likely to create a memory leak.
nov 14, 2013 5:30:26 AM org.apache.coyote.http11.Http11Protocol destroy
INFO: Parando Coyote HTTP/1.1 en puerto http-8080
nov 14, 2013 1:01:38 PM org.apache.catalina.core.AprLifecycleListener init
INFO: La biblioteca nativa de Apache Tomcat basada en ARP que permite un rendimiento óptimo en entornos de desarrollo no ha sido hallada en java.library.path: /usr/java/packages/lib/i386:/usr/lib/jni:/lib:/usr/lib
nov 14, 2013 1:01:38 PM org.apache.coyote.http11.Http11Protocol init
INFO: Inicializando Coyote HTTP/1.1 en puerto http-8080
nov 14, 2013 1:01:38 PM org.apache.catalina.startup.Catalina load
INFO: Initialization processed in 987 ms
nov 14, 2013 1:01:38 PM org.apache.catalina.core.StandardService start
INFO: Arrancando servicio Catalina
nov 14, 2013 1:01:38 PM org.apache.catalina.core.StandardEngine start
INFO: Starting Servlet Engine: Apache Tomcat/6.0.37
nov 14, 2013 1:01:38 PM org.apache.catalina.startup.HostConfig deployDescriptor
INFO: Desplieque del descriptor de configuración manager.xml
nov 14, 2013 1:01:39 PM org.apache.catalina.startup.HostConfig deployDescriptor
INFO: Desplieque del descriptor de configuración host-manager.xml
nov 14, 2013 1:01:39 PM org.apache.catalina.startup.HostConfig deployWAR
INFO: Despliegue del archivo axis2.war de la aplicación web
[INFO] Clustering has been disabled
[INFO] Deploying module: script-1.6.2 - file:/home/jorge/Escritorio/taller2/apache-tomcat-6.0.37/webapps/axis2/WEB-INF/modules/scripting-1.6.2.mar
[INFO] Deploying module: jaxws-1.6.2 - file:/home/jorge/Escritorio/taller2/apache-tomcat-6.0.37/webapps/axis2/WEB-INF/modules/axis2-jaxws-mar-1.6.2.mar
[INFO] Deploying module: soapmonitor-1.6.2 - file:/home/jorge/Escritorio/taller2/apache-tomcat-6.0.37/webapps/axis2/WEB-INF/modules/soapmonitor-1.6.2.mar
[INFO] Deploying module: ping-1.6.2 - file:/home/jorge/Escritorio/taller2/apache-tomcat-6.0.37/webapps/axis2/WEB-INF/modules/ping-1.6.2.mar
[INFO] Deploying module: metadataExchange-1.6.2 - file:/home/jorge/Escritorio/taller2/apache-tomcat-6.0.37/webapps/axis2/WEB-INF/modules/mex-1.6.2.mar
[INFO] Deploying module: addressing-1.6.2 - file:/home/jorge/Escritorio/taller2/apache-tomcat-6.0.37/webapps/axis2/WEB-INF/modules/addressing-1.6.2.mar
[INFO] Deploying module: mtompolicy-1.6.2 - file:/home/jorge/Escritorio/taller2/apache-tomcat-6.0.37/webapps/axis2/WEB-INF/modules/mtompolicy-1.6.2.mar
[INFO] Deploying Web service: version-1.6.2.aar - file:/home/jorge/Escritorio/taller2/apache-tomcat-6.0.37/webapps/axis2/WEB-INF/services/version-1.6.2.aar
[INFO] Deploying Web service: StockQuoteService.aar - file:/home/jorge/Escritorio/taller2/apache-tomcat-6.0.37/webapps/axis2/WEB-INF/services/StockQuoteService.aar
[INFO] Deploying Web service: HelloWorldService.aar - file:/home/jorge/Escritorio/taller2/apache-tomcat-6.0.37/webapps/axis2/WEB-INF/services/HelloWorldService.aar
nov 14, 2013 1:01:42 PM org.apache.catalina.startup.HostConfig deployDirectory
INFO: Despliegue del directorio ROOT de la aplicación web
nov 14, 2013 1:01:42 PM org.apache.catalina.startup.HostConfig deployDirectory
INFO: Despliegue del directorio docs de la aplicación web
nov 14, 2013 1:01:42 PM org.apache.catalina.startup.HostConfig deployDirectory
INFO: Despliegue del directorio examples de la aplicación web
nov 14, 2013 1:01:43 PM org.apache.coyote.http11.Http11Protocol start
INFO: Arrancando Coyote HTTP/1.1 en puerto http-8080
nov 14, 2013 1:01:43 PM org.apache.jk.common.ChannelSocket init
INFO: JK: ajp13 listening on /0.0.0.0:8009
nov 14, 2013 1:01:43 PM org.apache.jk.server.JkMain start
INFO: Jk running ID=0 time=0/40  config=null
nov 14, 2013 1:01:43 PM org.apache.catalina.startup.Catalina start
INFO: Server startup in 4670 ms
[ERROR] The Actividad.aar service, which is not valid, caused Two services cannot have same name.  A service with the StockQuoteService [file:/home/jorge/Escritorio/taller2/apache-tomcat-6.0.37/webapps/axis2/WEB-INF/services/Actividad.aar] name already exists in the system.
org.apache.axis2.AxisFault: Two services cannot have same name.  A service with the StockQuoteService [file:/home/jorge/Escritorio/taller2/apache-tomcat-6.0.37/webapps/axis2/WEB-INF/services/Actividad.aar] name already exists in the system.
	at org.apache.axis2.engine.AxisConfiguration.addToAllServicesMap(AxisConfiguration.java:492)
	at org.apache.axis2.description.AxisServiceGroup.addService(AxisServiceGroup.java:110)
	at org.apache.axis2.deployment.DeploymentEngine.fillServiceGroup(DeploymentEngine.java:752)
	at org.apache.axis2.deployment.DeploymentEngine.addServiceGroup(DeploymentEngine.java:608)
	at org.apache.axis2.deployment.ServiceDeployer.deploy(ServiceDeployer.java:100)
	at org.apache.axis2.deployment.repository.util.DeploymentFileData.deploy(DeploymentFileData.java:136)
	at org.apache.axis2.deployment.DeploymentEngine.doDeploy(DeploymentEngine.java:813)
	at org.apache.axis2.deployment.repository.util.WSInfoList.update(WSInfoList.java:144)
	at org.apache.axis2.deployment.RepositoryListener.update(RepositoryListener.java:377)
	at org.apache.axis2.deployment.RepositoryListener.checkServices(RepositoryListener.java:254)
	at org.apache.axis2.deployment.RepositoryListener.startListener(RepositoryListener.java:371)
	at org.apache.axis2.deployment.scheduler.SchedulerTask.checkRepository(SchedulerTask.java:73)
	at org.apache.axis2.deployment.scheduler.SchedulerTask.run(SchedulerTask.java:94)
	at org.apache.axis2.deployment.scheduler.Scheduler$SchedulerTimerTask.run(Scheduler.java:93)
	at java.util.TimerThread.mainLoop(Timer.java:555)
	at java.util.TimerThread.run(Timer.java:505)
[INFO] org.apache.axis2.deployment.DeploymentException: Two services cannot have same name.  A service with the StockQuoteService [file:/home/jorge/Escritorio/taller2/apache-tomcat-6.0.37/webapps/axis2/WEB-INF/services/Actividad.aar] name already exists in the system.
[INFO] Undeploying Web service: HelloWorldService
[INFO] Undeploying Web service: StockQuoteService
[INFO] org.apache.axis2.deployment.DeploymentException: The Actividad service group name is not valid.
[INFO] Deploying Web service: StockQuoteService.aar - file:/home/jorge/Escritorio/taller2/apache-tomcat-6.0.37/webapps/axis2/WEB-INF/services/StockQuoteService.aar
[INFO] Undeploying Web service: StockQuoteService
[INFO] Deploying Web service: Actividad.aar - file:/home/jorge/Escritorio/taller2/apache-tomcat-6.0.37/webapps/axis2/WEB-INF/services/Actividad.aar
[INFO] Undeploying Web service: Actividad
org.apache.axis2.deployment.DeploymentException: The following error occurred during schema generation: samples.quickstart.service.axiom.Actividad
	at org.apache.axis2.deployment.repository.util.ArchiveReader.processServiceGroup(ArchiveReader.java:150)
	at org.apache.axis2.deployment.ServiceDeployer.deploy(ServiceDeployer.java:82)
	at org.apache.axis2.deployment.repository.util.DeploymentFileData.deploy(DeploymentFileData.java:136)
	at org.apache.axis2.deployment.DeploymentEngine.doDeploy(DeploymentEngine.java:813)
	at org.apache.axis2.deployment.repository.util.WSInfoList.update(WSInfoList.java:144)
	at org.apache.axis2.deployment.RepositoryListener.update(RepositoryListener.java:377)
	at org.apache.axis2.deployment.RepositoryListener.checkServices(RepositoryListener.java:254)
	at org.apache.axis2.deployment.RepositoryListener.startListener(RepositoryListener.java:371)
	at org.apache.axis2.deployment.scheduler.SchedulerTask.checkRepository(SchedulerTask.java:73)
	at org.apache.axis2.deployment.scheduler.SchedulerTask.run(SchedulerTask.java:94)
	at org.apache.axis2.deployment.scheduler.Scheduler$SchedulerTimerTask.run(Scheduler.java:93)
	at java.util.TimerThread.mainLoop(Timer.java:555)
	at java.util.TimerThread.run(Timer.java:505)
Caused by: org.apache.axis2.deployment.DeploymentException: The following error occurred during schema generation: samples.quickstart.service.axiom.Actividad
	at org.apache.axis2.deployment.ServiceBuilder.populateService(ServiceBuilder.java:432)
	at org.apache.axis2.deployment.repository.util.ArchiveReader.buildServiceGroup(ArchiveReader.java:101)
	at org.apache.axis2.deployment.repository.util.ArchiveReader.processServiceGroup(ArchiveReader.java:143)
	... 12 more
Caused by: org.apache.axis2.deployment.DeploymentException: The following error occurred during schema generation: samples.quickstart.service.axiom.Actividad
	at org.apache.axis2.deployment.ServiceBuilder.populateService(ServiceBuilder.java:396)
	... 14 more
Caused by: org.apache.axis2.AxisFault: samples.quickstart.service.axiom.Actividad
	at org.apache.axis2.AxisFault.makeFault(AxisFault.java:430)
	at org.apache.axis2.util.Utils.getServiceClass(Utils.java:804)
	at org.apache.axis2.deployment.util.Utils.fillAxisService(Utils.java:430)
	at org.apache.axis2.deployment.ServiceBuilder.populateService(ServiceBuilder.java:392)
	... 14 more
Caused by: java.lang.ClassNotFoundException: samples.quickstart.service.axiom.Actividad
	at org.apache.catalina.loader.WebappClassLoader.loadClass(WebappClassLoader.java:1680)
	at org.apache.catalina.loader.WebappClassLoader.loadClass(WebappClassLoader.java:1526)
	at java.lang.Class.forName0(Native Method)
	at java.lang.Class.forName(Class.java:190)
	at org.apache.axis2.util.Loader.loadClass(Loader.java:261)
	at org.apache.axis2.util.Loader.loadClass(Loader.java:229)
	at org.apache.axis2.util.Utils.getServiceClass(Utils.java:801)
	... 16 more
[ERROR] The Actividad.aar service, which is not valid, caused The following error occurred during schema generation: samples.quickstart.service.axiom.Actividad
org.apache.axis2.deployment.DeploymentException: The following error occurred during schema generation: samples.quickstart.service.axiom.Actividad
	at org.apache.axis2.deployment.repository.util.ArchiveReader.processServiceGroup(ArchiveReader.java:150)
	at org.apache.axis2.deployment.ServiceDeployer.deploy(ServiceDeployer.java:82)
	at org.apache.axis2.deployment.repository.util.DeploymentFileData.deploy(DeploymentFileData.java:136)
	at org.apache.axis2.deployment.DeploymentEngine.doDeploy(DeploymentEngine.java:813)
	at org.apache.axis2.deployment.repository.util.WSInfoList.update(WSInfoList.java:144)
	at org.apache.axis2.deployment.RepositoryListener.update(RepositoryListener.java:377)
	at org.apache.axis2.deployment.RepositoryListener.checkServices(RepositoryListener.java:254)
	at org.apache.axis2.deployment.RepositoryListener.startListener(RepositoryListener.java:371)
	at org.apache.axis2.deployment.scheduler.SchedulerTask.checkRepository(SchedulerTask.java:73)
	at org.apache.axis2.deployment.scheduler.SchedulerTask.run(SchedulerTask.java:94)
	at org.apache.axis2.deployment.scheduler.Scheduler$SchedulerTimerTask.run(Scheduler.java:93)
	at java.util.TimerThread.mainLoop(Timer.java:555)
	at java.util.TimerThread.run(Timer.java:505)
Caused by: org.apache.axis2.deployment.DeploymentException: The following error occurred during schema generation: samples.quickstart.service.axiom.Actividad
	at org.apache.axis2.deployment.ServiceBuilder.populateService(ServiceBuilder.java:432)
	at org.apache.axis2.deployment.repository.util.ArchiveReader.buildServiceGroup(ArchiveReader.java:101)
	at org.apache.axis2.deployment.repository.util.ArchiveReader.processServiceGroup(ArchiveReader.java:143)
	... 12 more
Caused by: org.apache.axis2.deployment.DeploymentException: The following error occurred during schema generation: samples.quickstart.service.axiom.Actividad
	at org.apache.axis2.deployment.ServiceBuilder.populateService(ServiceBuilder.java:396)
	... 14 more
Caused by: org.apache.axis2.AxisFault: samples.quickstart.service.axiom.Actividad
	at org.apache.axis2.AxisFault.makeFault(AxisFault.java:430)
	at org.apache.axis2.util.Utils.getServiceClass(Utils.java:804)
	at org.apache.axis2.deployment.util.Utils.fillAxisService(Utils.java:430)
	at org.apache.axis2.deployment.ServiceBuilder.populateService(ServiceBuilder.java:392)
	... 14 more
Caused by: java.lang.ClassNotFoundException: samples.quickstart.service.axiom.Actividad
	at org.apache.catalina.loader.WebappClassLoader.loadClass(WebappClassLoader.java:1680)
	at org.apache.catalina.loader.WebappClassLoader.loadClass(WebappClassLoader.java:1526)
	at java.lang.Class.forName0(Native Method)
	at java.lang.Class.forName(Class.java:190)
	at org.apache.axis2.util.Loader.loadClass(Loader.java:261)
	at org.apache.axis2.util.Loader.loadClass(Loader.java:229)
	at org.apache.axis2.util.Utils.getServiceClass(Utils.java:801)
	... 16 more
[INFO] org.apache.axis2.deployment.DeploymentException: The following error occurred during schema generation: samples.quickstart.service.axiom.Actividad
[INFO] org.apache.axis2.deployment.DeploymentException: The Actividad service group name is not valid.
org.apache.axis2.deployment.DeploymentException: The following error occurred during schema generation: samples.quickstart.service.axiom.Actividad
	at org.apache.axis2.deployment.repository.util.ArchiveReader.processServiceGroup(ArchiveReader.java:150)
	at org.apache.axis2.deployment.ServiceDeployer.deploy(ServiceDeployer.java:82)
	at org.apache.axis2.deployment.repository.util.DeploymentFileData.deploy(DeploymentFileData.java:136)
	at org.apache.axis2.deployment.DeploymentEngine.doDeploy(DeploymentEngine.java:813)
	at org.apache.axis2.deployment.repository.util.WSInfoList.update(WSInfoList.java:144)
	at org.apache.axis2.deployment.RepositoryListener.update(RepositoryListener.java:377)
	at org.apache.axis2.deployment.RepositoryListener.checkServices(RepositoryListener.java:254)
	at org.apache.axis2.deployment.RepositoryListener.startListener(RepositoryListener.java:371)
	at org.apache.axis2.deployment.scheduler.SchedulerTask.checkRepository(SchedulerTask.java:73)
	at org.apache.axis2.deployment.scheduler.SchedulerTask.run(SchedulerTask.java:94)
	at org.apache.axis2.deployment.scheduler.Scheduler$SchedulerTimerTask.run(Scheduler.java:93)
	at java.util.TimerThread.mainLoop(Timer.java:555)
	at java.util.TimerThread.run(Timer.java:505)
Caused by: org.apache.axis2.deployment.DeploymentException: The following error occurred during schema generation: samples.quickstart.service.axiom.Actividad
	at org.apache.axis2.deployment.ServiceBuilder.populateService(ServiceBuilder.java:432)
	at org.apache.axis2.deployment.repository.util.ArchiveReader.buildServiceGroup(ArchiveReader.java:101)
	at org.apache.axis2.deployment.repository.util.ArchiveReader.processServiceGroup(ArchiveReader.java:143)
	... 12 more
Caused by: org.apache.axis2.deployment.DeploymentException: The following error occurred during schema generation: samples.quickstart.service.axiom.Actividad
	at org.apache.axis2.deployment.ServiceBuilder.populateService(ServiceBuilder.java:396)
	... 14 more
Caused by: org.apache.axis2.AxisFault: samples.quickstart.service.axiom.Actividad
	at org.apache.axis2.AxisFault.makeFault(AxisFault.java:430)
	at org.apache.axis2.util.Utils.getServiceClass(Utils.java:804)
	at org.apache.axis2.deployment.util.Utils.fillAxisService(Utils.java:430)
	at org.apache.axis2.deployment.ServiceBuilder.populateService(ServiceBuilder.java:392)
	... 14 more
Caused by: java.lang.ClassNotFoundException: samples.quickstart.service.axiom.Actividad
	at org.apache.catalina.loader.WebappClassLoader.loadClass(WebappClassLoader.java:1680)
	at org.apache.catalina.loader.WebappClassLoader.loadClass(WebappClassLoader.java:1526)
	at java.lang.Class.forName0(Native Method)
	at java.lang.Class.forName(Class.java:190)
	at org.apache.axis2.util.Loader.loadClass(Loader.java:261)
	at org.apache.axis2.util.Loader.loadClass(Loader.java:229)
	at org.apache.axis2.util.Utils.getServiceClass(Utils.java:801)
	... 16 more
[ERROR] The Actividad.aar service, which is not valid, caused The following error occurred during schema generation: samples.quickstart.service.axiom.Actividad
org.apache.axis2.deployment.DeploymentException: The following error occurred during schema generation: samples.quickstart.service.axiom.Actividad
	at org.apache.axis2.deployment.repository.util.ArchiveReader.processServiceGroup(ArchiveReader.java:150)
	at org.apache.axis2.deployment.ServiceDeployer.deploy(ServiceDeployer.java:82)
	at org.apache.axis2.deployment.repository.util.DeploymentFileData.deploy(DeploymentFileData.java:136)
	at org.apache.axis2.deployment.DeploymentEngine.doDeploy(DeploymentEngine.java:813)
	at org.apache.axis2.deployment.repository.util.WSInfoList.update(WSInfoList.java:144)
	at org.apache.axis2.deployment.RepositoryListener.update(RepositoryListener.java:377)
	at org.apache.axis2.deployment.RepositoryListener.checkServices(RepositoryListener.java:254)
	at org.apache.axis2.deployment.RepositoryListener.startListener(RepositoryListener.java:371)
	at org.apache.axis2.deployment.scheduler.SchedulerTask.checkRepository(SchedulerTask.java:73)
	at org.apache.axis2.deployment.scheduler.SchedulerTask.run(SchedulerTask.java:94)
	at org.apache.axis2.deployment.scheduler.Scheduler$SchedulerTimerTask.run(Scheduler.java:93)
	at java.util.TimerThread.mainLoop(Timer.java:555)
	at java.util.TimerThread.run(Timer.java:505)
Caused by: org.apache.axis2.deployment.DeploymentException: The following error occurred during schema generation: samples.quickstart.service.axiom.Actividad
	at org.apache.axis2.deployment.ServiceBuilder.populateService(ServiceBuilder.java:432)
	at org.apache.axis2.deployment.repository.util.ArchiveReader.buildServiceGroup(ArchiveReader.java:101)
	at org.apache.axis2.deployment.repository.util.ArchiveReader.processServiceGroup(ArchiveReader.java:143)
	... 12 more
Caused by: org.apache.axis2.deployment.DeploymentException: The following error occurred during schema generation: samples.quickstart.service.axiom.Actividad
	at org.apache.axis2.deployment.ServiceBuilder.populateService(ServiceBuilder.java:396)
	... 14 more
Caused by: org.apache.axis2.AxisFault: samples.quickstart.service.axiom.Actividad
	at org.apache.axis2.AxisFault.makeFault(AxisFault.java:430)
	at org.apache.axis2.util.Utils.getServiceClass(Utils.java:804)
	at org.apache.axis2.deployment.util.Utils.fillAxisService(Utils.java:430)
	at org.apache.axis2.deployment.ServiceBuilder.populateService(ServiceBuilder.java:392)
	... 14 more
Caused by: java.lang.ClassNotFoundException: samples.quickstart.service.axiom.Actividad
	at org.apache.catalina.loader.WebappClassLoader.loadClass(WebappClassLoader.java:1680)
	at org.apache.catalina.loader.WebappClassLoader.loadClass(WebappClassLoader.java:1526)
	at java.lang.Class.forName0(Native Method)
	at java.lang.Class.forName(Class.java:190)
	at org.apache.axis2.util.Loader.loadClass(Loader.java:261)
	at org.apache.axis2.util.Loader.loadClass(Loader.java:229)
	at org.apache.axis2.util.Utils.getServiceClass(Utils.java:801)
	... 16 more
[INFO] org.apache.axis2.deployment.DeploymentException: The following error occurred during schema generation: samples.quickstart.service.axiom.Actividad
[INFO] org.apache.axis2.deployment.DeploymentException: The Actividad service group name is not valid.
[INFO] Deploying Web service: StockQuoteService.aar - file:/home/jorge/Escritorio/taller2/apache-tomcat-6.0.37/webapps/axis2/WEB-INF/services/StockQuoteService.aar
[INFO] Undeploying Web service: StockQuoteService
[INFO] Deploying Web service: Actividad.aar - file:/home/jorge/Escritorio/taller2/apache-tomcat-6.0.37/webapps/axis2/WEB-INF/services/Actividad.aar
[INFO] Undeploying Web service: Actividad
[ERROR] The service cannot be found for the endpoint reference (EPR) http://localhost:8080/axis2/services/StockQuoteService
org.apache.axis2.AxisFault: The service cannot be found for the endpoint reference (EPR) http://localhost:8080/axis2/services/StockQuoteService
	at org.apache.axis2.engine.DispatchPhase.checkPostConditions(DispatchPhase.java:78)
	at org.apache.axis2.engine.Phase.invoke(Phase.java:329)
	at org.apache.axis2.engine.AxisEngine.invoke(AxisEngine.java:262)
	at org.apache.axis2.engine.AxisEngine.receive(AxisEngine.java:168)
	at org.apache.axis2.transport.http.HTTPTransportUtils.processHTTPPostRequest(HTTPTransportUtils.java:172)
	at org.apache.axis2.transport.http.AxisServlet.doPost(AxisServlet.java:146)
	at javax.servlet.http.HttpServlet.service(HttpServlet.java:643)
	at javax.servlet.http.HttpServlet.service(HttpServlet.java:723)
	at org.apache.catalina.core.ApplicationFilterChain.internalDoFilter(ApplicationFilterChain.java:290)
	at org.apache.catalina.core.ApplicationFilterChain.doFilter(ApplicationFilterChain.java:206)
	at org.apache.catalina.core.StandardWrapperValve.invoke(StandardWrapperValve.java:233)
	at org.apache.catalina.core.StandardContextValve.invoke(StandardContextValve.java:191)
	at org.apache.catalina.core.StandardHostValve.invoke(StandardHostValve.java:127)
	at org.apache.catalina.valves.ErrorReportValve.invoke(ErrorReportValve.java:103)
	at org.apache.catalina.core.StandardEngineValve.invoke(StandardEngineValve.java:109)
	at org.apache.catalina.connector.CoyoteAdapter.service(CoyoteAdapter.java:293)
	at org.apache.coyote.http11.Http11Processor.process(Http11Processor.java:861)
	at org.apache.coyote.http11.Http11Protocol$Http11ConnectionHandler.process(Http11Protocol.java:606)
	at org.apache.tomcat.util.net.JIoEndpoint$Worker.run(JIoEndpoint.java:489)
	at java.lang.Thread.run(Thread.java:724)
[WARN] Deprecated usage of OMElement#declareNamespace(String,String) with empty prefix
[ERROR] The service cannot be found for the endpoint reference (EPR) http://localhost:8080/axis2/services/StockQuoteService
org.apache.axis2.AxisFault: The service cannot be found for the endpoint reference (EPR) http://localhost:8080/axis2/services/StockQuoteService
	at org.apache.axis2.engine.DispatchPhase.checkPostConditions(DispatchPhase.java:78)
	at org.apache.axis2.engine.Phase.invoke(Phase.java:329)
	at org.apache.axis2.engine.AxisEngine.invoke(AxisEngine.java:262)
	at org.apache.axis2.engine.AxisEngine.receive(AxisEngine.java:168)
	at org.apache.axis2.transport.http.HTTPTransportUtils.processHTTPPostRequest(HTTPTransportUtils.java:172)
	at org.apache.axis2.transport.http.AxisServlet.doPost(AxisServlet.java:146)
	at javax.servlet.http.HttpServlet.service(HttpServlet.java:643)
	at javax.servlet.http.HttpServlet.service(HttpServlet.java:723)
	at org.apache.catalina.core.ApplicationFilterChain.internalDoFilter(ApplicationFilterChain.java:290)
	at org.apache.catalina.core.ApplicationFilterChain.doFilter(ApplicationFilterChain.java:206)
	at org.apache.catalina.core.StandardWrapperValve.invoke(StandardWrapperValve.java:233)
	at org.apache.catalina.core.StandardContextValve.invoke(StandardContextValve.java:191)
	at org.apache.catalina.core.StandardHostValve.invoke(StandardHostValve.java:127)
	at org.apache.catalina.valves.ErrorReportValve.invoke(ErrorReportValve.java:103)
	at org.apache.catalina.core.StandardEngineValve.invoke(StandardEngineValve.java:109)
	at org.apache.catalina.connector.CoyoteAdapter.service(CoyoteAdapter.java:293)
	at org.apache.coyote.http11.Http11Processor.process(Http11Processor.java:861)
	at org.apache.coyote.http11.Http11Protocol$Http11ConnectionHandler.process(Http11Protocol.java:606)
	at org.apache.tomcat.util.net.JIoEndpoint$Worker.run(JIoEndpoint.java:489)
	at java.lang.Thread.run(Thread.java:724)
[WARN] Deprecated usage of OMElement#declareNamespace(String,String) with empty prefix
[INFO] Deploying Web service: Actividad.aar - file:/home/jorge/Escritorio/taller2/apache-tomcat-6.0.37/webapps/axis2/WEB-INF/services/Actividad.aar
[ERROR] The service cannot be found for the endpoint reference (EPR) http://localhost:8080/axis2/services/StockQuoteService
org.apache.axis2.AxisFault: The service cannot be found for the endpoint reference (EPR) http://localhost:8080/axis2/services/StockQuoteService
	at org.apache.axis2.engine.DispatchPhase.checkPostConditions(DispatchPhase.java:78)
	at org.apache.axis2.engine.Phase.invoke(Phase.java:329)
	at org.apache.axis2.engine.AxisEngine.invoke(AxisEngine.java:262)
	at org.apache.axis2.engine.AxisEngine.receive(AxisEngine.java:168)
	at org.apache.axis2.transport.http.HTTPTransportUtils.processHTTPPostRequest(HTTPTransportUtils.java:172)
	at org.apache.axis2.transport.http.AxisServlet.doPost(AxisServlet.java:146)
	at javax.servlet.http.HttpServlet.service(HttpServlet.java:643)
	at javax.servlet.http.HttpServlet.service(HttpServlet.java:723)
	at org.apache.catalina.core.ApplicationFilterChain.internalDoFilter(ApplicationFilterChain.java:290)
	at org.apache.catalina.core.ApplicationFilterChain.doFilter(ApplicationFilterChain.java:206)
	at org.apache.catalina.core.StandardWrapperValve.invoke(StandardWrapperValve.java:233)
	at org.apache.catalina.core.StandardContextValve.invoke(StandardContextValve.java:191)
	at org.apache.catalina.core.StandardHostValve.invoke(StandardHostValve.java:127)
	at org.apache.catalina.valves.ErrorReportValve.invoke(ErrorReportValve.java:103)
	at org.apache.catalina.core.StandardEngineValve.invoke(StandardEngineValve.java:109)
	at org.apache.catalina.connector.CoyoteAdapter.service(CoyoteAdapter.java:293)
	at org.apache.coyote.http11.Http11Processor.process(Http11Processor.java:861)
	at org.apache.coyote.http11.Http11Protocol$Http11ConnectionHandler.process(Http11Protocol.java:606)
	at org.apache.tomcat.util.net.JIoEndpoint$Worker.run(JIoEndpoint.java:489)
	at java.lang.Thread.run(Thread.java:724)
[WARN] Deprecated usage of OMElement#declareNamespace(String,String) with empty prefix
[ERROR] The service cannot be found for the endpoint reference (EPR) http://localhost:8080/axis2/services/StockQuoteService
org.apache.axis2.AxisFault: The service cannot be found for the endpoint reference (EPR) http://localhost:8080/axis2/services/StockQuoteService
	at org.apache.axis2.engine.DispatchPhase.checkPostConditions(DispatchPhase.java:78)
	at org.apache.axis2.engine.Phase.invoke(Phase.java:329)
	at org.apache.axis2.engine.AxisEngine.invoke(AxisEngine.java:262)
	at org.apache.axis2.engine.AxisEngine.receive(AxisEngine.java:168)
	at org.apache.axis2.transport.http.HTTPTransportUtils.processHTTPPostRequest(HTTPTransportUtils.java:172)
	at org.apache.axis2.transport.http.AxisServlet.doPost(AxisServlet.java:146)
	at javax.servlet.http.HttpServlet.service(HttpServlet.java:643)
	at javax.servlet.http.HttpServlet.service(HttpServlet.java:723)
	at org.apache.catalina.core.ApplicationFilterChain.internalDoFilter(ApplicationFilterChain.java:290)
	at org.apache.catalina.core.ApplicationFilterChain.doFilter(ApplicationFilterChain.java:206)
	at org.apache.catalina.core.StandardWrapperValve.invoke(StandardWrapperValve.java:233)
	at org.apache.catalina.core.StandardContextValve.invoke(StandardContextValve.java:191)
	at org.apache.catalina.core.StandardHostValve.invoke(StandardHostValve.java:127)
	at org.apache.catalina.valves.ErrorReportValve.invoke(ErrorReportValve.java:103)
	at org.apache.catalina.core.StandardEngineValve.invoke(StandardEngineValve.java:109)
	at org.apache.catalina.connector.CoyoteAdapter.service(CoyoteAdapter.java:293)
	at org.apache.coyote.http11.Http11Processor.process(Http11Processor.java:861)
	at org.apache.coyote.http11.Http11Protocol$Http11ConnectionHandler.process(Http11Protocol.java:606)
	at org.apache.tomcat.util.net.JIoEndpoint$Worker.run(JIoEndpoint.java:489)
	at java.lang.Thread.run(Thread.java:724)
[WARN] Deprecated usage of OMElement#declareNamespace(String,String) with empty prefix
[INFO] Undeploying Web service: Actividad
[INFO] Deploying Web service: Actividad.aar - file:/home/jorge/Escritorio/taller2/apache-tomcat-6.0.37/webapps/axis2/WEB-INF/services/Actividad.aar
[INFO] Undeploying Web service: Actividad
[INFO] Deploying Web service: Actividad.aar - file:/home/jorge/Escritorio/taller2/apache-tomcat-6.0.37/webapps/axis2/WEB-INF/services/Actividad.aar
